{"contracts/Raffle.sol":{"l":{"44":3,"45":3,"46":3,"47":3,"48":3,"49":3,"50":3,"51":3,"55":5,"56":1,"58":4,"59":1,"61":3,"62":3,"69":0,"70":0,"71":0,"72":0,"73":0,"75":0,"76":0,"77":0,"90":1,"91":1,"92":1,"93":1,"94":1,"100":1,"101":1,"102":0,"108":1,"109":1,"116":1,"123":0,"127":1,"131":1,"135":1,"139":0,"143":0,"147":0},"path":"/home/arjun/hardhat-lottery-sc/contracts/Raffle.sol","s":{"1":5,"2":4,"3":3,"4":3,"5":0,"6":0,"7":0,"8":0,"9":1,"10":1,"11":1,"12":1,"13":1,"14":1,"15":1,"16":1,"17":0,"18":1,"19":1,"20":1,"21":0,"22":0,"23":0},"b":{"1":[1,4],"2":[1,3],"3":[0,0],"4":[0,1]},"f":{"1":3,"2":5,"3":0,"4":1,"5":1,"6":0,"7":1,"8":1,"9":1,"10":0,"11":0,"12":0},"fnMap":{"1":{"name":"constructor","line":43,"loc":{"start":{"line":36,"column":4},"end":{"line":52,"column":4}}},"2":{"name":"enterInLottery","line":54,"loc":{"start":{"line":54,"column":4},"end":{"line":63,"column":4}}},"3":{"name":"fulfillRandomWords","line":65,"loc":{"start":{"line":65,"column":4},"end":{"line":78,"column":4}}},"4":{"name":"checkUpkeep","line":80,"loc":{"start":{"line":80,"column":4},"end":{"line":95,"column":4}}},"5":{"name":"performUpkeep","line":97,"loc":{"start":{"line":97,"column":4},"end":{"line":117,"column":4}}},"6":{"name":"getLatestWinner","line":122,"loc":{"start":{"line":122,"column":4},"end":{"line":124,"column":4}}},"7":{"name":"getRequiredAmountToEnter","line":126,"loc":{"start":{"line":126,"column":4},"end":{"line":128,"column":4}}},"8":{"name":"getIndexedPlayer","line":130,"loc":{"start":{"line":130,"column":4},"end":{"line":132,"column":4}}},"9":{"name":"getRaffleState","line":134,"loc":{"start":{"line":134,"column":4},"end":{"line":136,"column":4}}},"10":{"name":"getNumWords","line":138,"loc":{"start":{"line":138,"column":4},"end":{"line":140,"column":4}}},"11":{"name":"getNumberOfPlayers","line":142,"loc":{"start":{"line":142,"column":4},"end":{"line":144,"column":4}}},"12":{"name":"getLatestTimeStamp","line":146,"loc":{"start":{"line":146,"column":4},"end":{"line":148,"column":4}}}},"statementMap":{"1":{"start":{"line":55,"column":8},"end":{"line":55,"column":1962}},"2":{"start":{"line":58,"column":8},"end":{"line":58,"column":2060}},"3":{"start":{"line":61,"column":8},"end":{"line":61,"column":42}},"4":{"start":{"line":62,"column":8},"end":{"line":62,"column":39}},"5":{"start":{"line":69,"column":8},"end":{"line":69,"column":69}},"6":{"start":{"line":75,"column":8},"end":{"line":75,"column":88}},"7":{"start":{"line":76,"column":8},"end":{"line":76,"column":53}},"8":{"start":{"line":77,"column":8},"end":{"line":77,"column":39}},"9":{"start":{"line":90,"column":8},"end":{"line":90,"column":55}},"10":{"start":{"line":91,"column":8},"end":{"line":91,"column":74}},"11":{"start":{"line":92,"column":8},"end":{"line":92,"column":51}},"12":{"start":{"line":93,"column":8},"end":{"line":93,"column":46}},"13":{"start":{"line":100,"column":8},"end":{"line":100,"column":47}},"14":{"start":{"line":101,"column":8},"end":{"line":101,"column":3471}},"15":{"start":{"line":109,"column":8},"end":{"line":109,"column":3719}},"16":{"start":{"line":116,"column":8},"end":{"line":116,"column":45}},"17":{"start":{"line":123,"column":8},"end":{"line":123,"column":29}},"18":{"start":{"line":127,"column":8},"end":{"line":127,"column":33}},"19":{"start":{"line":131,"column":8},"end":{"line":131,"column":33}},"20":{"start":{"line":135,"column":8},"end":{"line":135,"column":31}},"21":{"start":{"line":139,"column":8},"end":{"line":139,"column":24}},"22":{"start":{"line":143,"column":8},"end":{"line":143,"column":31}},"23":{"start":{"line":147,"column":8},"end":{"line":147,"column":30}}},"branchMap":{"1":{"line":55,"type":"if","locations":[{"start":{"line":55,"column":8},"end":{"line":55,"column":8}},{"start":{"line":55,"column":8},"end":{"line":55,"column":8}}]},"2":{"line":58,"type":"if","locations":[{"start":{"line":58,"column":8},"end":{"line":58,"column":8}},{"start":{"line":58,"column":8},"end":{"line":58,"column":8}}]},"3":{"line":76,"type":"if","locations":[{"start":{"line":76,"column":8},"end":{"line":76,"column":8}},{"start":{"line":76,"column":8},"end":{"line":76,"column":8}}]},"4":{"line":101,"type":"if","locations":[{"start":{"line":101,"column":8},"end":{"line":101,"column":8}},{"start":{"line":101,"column":8},"end":{"line":101,"column":8}}]}}},"contracts/test/VRFCoordinatorV2Mock.sol":{"l":{},"path":"/home/arjun/hardhat-lottery-sc/contracts/test/VRFCoordinatorV2Mock.sol","s":{},"b":{},"f":{},"fnMap":{},"statementMap":{},"branchMap":{}}}